<?xml version="1.0" encoding="UTF-8"?>
<!-- Generated by org.testng.reporters.JUnitXMLReporter -->
<testsuite ignored="0" hostname="DESKTOP-DBU6T59" failures="0" tests="3" name="Default test" time="3.031" errors="0" timestamp="2022-03-06T16:34:29 IST">
  <testcase classname="files.DynamicJson" name="addBook" time="2.151"/>
  <testcase classname="files.DynamicJson" name="addBook" time="0.389"/>
  <testcase classname="files.DynamicJson" name="addBook" time="0.44"/>
</testsuite> <!-- Default test -->
