<?xml version="1.0" encoding="UTF-8"?>
<testng-results ignored="0" total="3" passed="3" failed="0" skipped="0">
  <reporter-output>
  </reporter-output>
  <suite started-at="2022-03-06T16:34:26 IST" name="Default suite" finished-at="2022-03-06T16:34:29 IST" duration-ms="3031">
    <groups>
    </groups>
    <test started-at="2022-03-06T16:34:26 IST" name="Default test" finished-at="2022-03-06T16:34:29 IST" duration-ms="3031">
      <class name="files.DynamicJson">
        <test-method signature="addBook(java.lang.String,java.lang.String)[pri:1, instance:files.DynamicJson@b62d79]" started-at="2022-03-06T16:34:26 IST" name="addBook" data-provider="BooksData" finished-at="2022-03-06T16:34:28 IST" duration-ms="2151" status="PASS">
          <params>
            <param index="0">
              <value>
                <![CDATA[oafh]]>
              </value>
            </param>
            <param index="1">
              <value>
                <![CDATA[1752]]>
              </value>
            </param>
          </params>
          <reporter-output>
          </reporter-output>
        </test-method> <!-- addBook -->
        <test-method signature="addBook(java.lang.String,java.lang.String)[pri:1, instance:files.DynamicJson@b62d79]" started-at="2022-03-06T16:34:28 IST" name="addBook" data-provider="BooksData" finished-at="2022-03-06T16:34:29 IST" duration-ms="389" status="PASS">
          <params>
            <param index="0">
              <value>
                <![CDATA[regh]]>
              </value>
            </param>
            <param index="1">
              <value>
                <![CDATA[4985]]>
              </value>
            </param>
          </params>
          <reporter-output>
          </reporter-output>
        </test-method> <!-- addBook -->
        <test-method signature="addBook(java.lang.String,java.lang.String)[pri:1, instance:files.DynamicJson@b62d79]" started-at="2022-03-06T16:34:29 IST" name="addBook" data-provider="BooksData" finished-at="2022-03-06T16:34:29 IST" duration-ms="440" status="PASS">
          <params>
            <param index="0">
              <value>
                <![CDATA[twio]]>
              </value>
            </param>
            <param index="1">
              <value>
                <![CDATA[5669]]>
              </value>
            </param>
          </params>
          <reporter-output>
          </reporter-output>
        </test-method> <!-- addBook -->
      </class> <!-- files.DynamicJson -->
    </test> <!-- Default test -->
  </suite> <!-- Default suite -->
</testng-results>
